<?xml version="1.0" encoding="UTF-8"?>
<!-- Generated by org.testng.reporters.JUnitReportReporter -->
<testsuite skipped="0" hostname="ASDP1751PO02529" name="qa.NewOpportunities" tests="4" failures="0" timestamp="2020-01-13T11:46:30 IST" time="22.320" errors="0">
  <testcase name="login" time="6.702" classname="qa.NewOpportunities"/>
  <testcase name="app_launch" time="11.953" classname="qa.NewOpportunities"/>
  <testcase name="create_new_opportunities" time="3.309" classname="qa.NewOpportunities"/>
  <testcase name="fill_form1" time="0.356" classname="qa.NewOpportunities"/>
</testsuite> <!-- qa.NewOpportunities -->
