<?xml version="1.0" encoding="UTF-8"?>
<!-- Generated by org.testng.reporters.JUnitReportReporter -->
<testsuite skipped="0" hostname="ASDP1751PO02529" name="qa.NewTaskTest" tests="4" failures="0" timestamp="2020-01-10T17:29:26 IST" time="22.508" errors="0">
  <testcase name="login" time="6.857" classname="qa.NewTaskTest"/>
  <testcase name="app_launch" time="11.383" classname="qa.NewTaskTest"/>
  <testcase name="create_new_lead" time="2.016" classname="qa.NewTaskTest"/>
  <testcase name="fill_form1" time="2.252" classname="qa.NewTaskTest"/>
</testsuite> <!-- qa.NewTaskTest -->
