<?xml version="1.0" encoding="UTF-8"?>
<!-- Generated by org.testng.reporters.JUnitReportReporter -->
<testsuite skipped="0" hostname="ASDP1751PO02529" name="qa.NewTaskTest" tests="4" failures="0" timestamp="2020-01-09T18:18:29 IST" time="23.295" errors="0">
  <testcase name="login" time="6.187" classname="qa.NewTaskTest"/>
  <testcase name="app_launch" time="10.994" classname="qa.NewTaskTest"/>
  <testcase name="create_new_lead" time="2.459" classname="qa.NewTaskTest"/>
  <testcase name="fill_form1" time="3.655" classname="qa.NewTaskTest"/>
</testsuite> <!-- qa.NewTaskTest -->
