<?xml version="1.0" encoding="UTF-8"?>
<!-- Generated by org.testng.reporters.JUnitReportReporter -->
<testsuite skipped="0" hostname="ASDP1751PO02529" name="qa.NewTaskTest" tests="4" failures="0" timestamp="2020-01-10T11:37:49 IST" time="28.517" errors="0">
  <testcase name="login" time="6.351" classname="qa.NewTaskTest"/>
  <testcase name="app_launch" time="13.243" classname="qa.NewTaskTest"/>
  <testcase name="create_new_lead" time="2.486" classname="qa.NewTaskTest"/>
  <testcase name="fill_form1" time="6.437" classname="qa.NewTaskTest"/>
</testsuite> <!-- qa.NewTaskTest -->
